<?xml version="1.0" encoding="UTF-8"?>
<!-- Generated by org.testng.reporters.JUnitXMLReporter -->
<testsuite ignored="0" hostname="DESKTOP-N3ODOSQ" failures="1" tests="2" name="Test" time="11.778" errors="0" timestamp="2026-04-24T19:42:53 IST">
  <testcase classname="tests.LoginTest" name="validateLoginWithPositiveScenario" time="1.612"/>
  <testcase classname="tests.LoginTest" name="validateLoginWithInvalid" time="2.216">
    <failure type="java.lang.AssertionError" message="expected [xyz] but found [Your password is invalid!]">
      <![CDATA[java.lang.AssertionError: expected [xyz] but found [Your password is invalid!]
at tests.LoginTest.validateLoginWithInvalid(LoginTest.java:35)
at java.base/java.util.ArrayList.forEach(ArrayList.java:1597)
... Removed 31 stack frames]]>
    </failure>
  </testcase> <!-- validateLoginWithInvalid -->
</testsuite> <!-- Test -->
